CPU
  Name:	3rd generation Intel(R) Core(TM) Processor family
  Frequency:	3.4 GHz 
  Logical CPU Count:	4
--------
Debug-pool-fix
opt/100s
1s:1c	657762	..	6577.62 
1s:2c	1270526	..	12705.26
1s:4c	1688965	..	16889.65
1s:6c	1701681	..	17016.81

Debug-tc_malloc-rand
-lzf
1s:1c	668847	..	6688.47
1s:2c	1331051	..	13310.51
1s:4c	1744963	..	17449.63
1s:6c	1904282	..	19042.82

Debug-je_malloc-rand
-lzf
1s:1c	683051	..	6830.51
1s:2c	1366521	..	13665.21
1s:4c	1754304	..	17543.04
1s:6c	1801150	..	18011.50
===================================================
Release-pool-fix
opt/100s
-no
1s:1c	2218434  ..	22184.34
1s:2c	4294504  ..	42945.04
1s:4c	6499144  ..	64991.44
1s:6c	6685969  ..	66859.69
1s:8c	6854713  ..	68547.13

-lzf
1s:1c	2061420	..	20614.20
1s:2c	3912232	..	39122.32
1s:4c	5726446	..	57264.46
1s:6c	5829309	..	58293.09
1s:8c	6141469	..	61414.69

Release-malloc-fix

-lzf
12:1c	2131229	..	21312.29
1s:2c	4045866	..	40458.66
1s:4c	5763384	..	57633.84
1s:6c	6244948 ..	62449.48
1s:8c	6270370	..	62703.70
--------------------------------------------------
Release-pool-rand

-lzf
1s:1c	2143949	..	21439.49
1s:2c	4102219	..	41022.19
1s:4c	6199385	..	61993.85
1s:6c	6294158	..	62941.58
1s:8c	6532757	..	65327.57

Release-je_malloc-rand

-lzf
1s:1c	2143751 ..	21437.51
1s:2c	4118163 ..	41181.63
1s:4c	6240121	..	62401.21
1s:6c	6346100	..	63461.00
1s:8c	6472836	..	64720.36

Release-tc_malloc-rand

-lzf
1s:1c	2327988 ..	23279.88
1s:2c	4313764 ..	43137.64
1s:4c	6418828	..	64188.28
1s:6c	6678854	..	66788.54
1s:8c	6843416	..	68434.16

Release-malloc-rand

-lzf
1s:1c	2180536 ..	21805.36
1s:2c	4009829 ..	40098.29
1s:4c	6248249	..	62482.49
1s:6c	6508212	..	65082.12
1s:8c	6289887	..	62898.87

